CRITICAL - 2023-06-07 02:22:21 --> Too few arguments to function App\Models\FilmModel::getDataByID(), 0 passed in C:\xampp\htdocs\CI4Ade\app\Controllers\Film.php on line 35 and exactly 1 expected
in APPPATH\Models\FilmModel.php on line 61.
 1 APPPATH\Controllers\Film.php(35): App\Models\FilmModel->getDataByID()
 2 SYSTEMPATH\CodeIgniter.php(934): App\Controllers\Film->ById()
 3 SYSTEMPATH\CodeIgniter.php(499): CodeIgniter\CodeIgniter->runController(Object(App\Controllers\Film))
 4 SYSTEMPATH\CodeIgniter.php(368): CodeIgniter\CodeIgniter->handleRequest(null, Object(Config\Cache), false)
 5 FCPATH\index.php(67): CodeIgniter\CodeIgniter->run()
 6 SYSTEMPATH\Commands\Server\rewrite.php(47): require_once('C:\\xampp\\htdocs\\CI4Ade\\public\\index.php')
CRITICAL - 2023-06-07 02:23:55 --> Too few arguments to function App\Models\FilmModel::getDataByID(), 0 passed in C:\xampp\htdocs\CI4Ade\app\Controllers\Film.php on line 35 and exactly 1 expected
in APPPATH\Models\FilmModel.php on line 61.
 1 APPPATH\Controllers\Film.php(35): App\Models\FilmModel->getDataByID()
 2 SYSTEMPATH\CodeIgniter.php(934): App\Controllers\Film->film_by_id()
 3 SYSTEMPATH\CodeIgniter.php(499): CodeIgniter\CodeIgniter->runController(Object(App\Controllers\Film))
 4 SYSTEMPATH\CodeIgniter.php(368): CodeIgniter\CodeIgniter->handleRequest(null, Object(Config\Cache), false)
 5 FCPATH\index.php(67): CodeIgniter\CodeIgniter->run()
 6 SYSTEMPATH\Commands\Server\rewrite.php(47): require_once('C:\\xampp\\htdocs\\CI4Ade\\public\\index.php')
CRITICAL - 2023-06-07 02:24:36 --> Too few arguments to function App\Models\FilmModel::getDataByID(), 0 passed in C:\xampp\htdocs\CI4Ade\app\Controllers\Film.php on line 35 and exactly 1 expected
in APPPATH\Models\FilmModel.php on line 61.
 1 APPPATH\Controllers\Film.php(35): App\Models\FilmModel->getDataByID()
 2 SYSTEMPATH\CodeIgniter.php(934): App\Controllers\Film->film_by_id()
 3 SYSTEMPATH\CodeIgniter.php(499): CodeIgniter\CodeIgniter->runController(Object(App\Controllers\Film))
 4 SYSTEMPATH\CodeIgniter.php(368): CodeIgniter\CodeIgniter->handleRequest(null, Object(Config\Cache), false)
 5 FCPATH\index.php(67): CodeIgniter\CodeIgniter->run()
 6 SYSTEMPATH\Commands\Server\rewrite.php(47): require_once('C:\\xampp\\htdocs\\CI4Ade\\public\\index.php')
CRITICAL - 2023-06-07 02:30:27 --> Undefined variable $data
in APPPATH\Controllers\Film.php on line 39.
 1 APPPATH\Controllers\Film.php(39): CodeIgniter\Debug\Exceptions->errorHandler(2, 'Undefined variable $data', 'C:\\xampp\\htdocs\\CI4Ade\\app\\Controllers\\Film.php', 39)
 2 SYSTEMPATH\CodeIgniter.php(934): App\Controllers\Film->film_by_genre()
 3 SYSTEMPATH\CodeIgniter.php(499): CodeIgniter\CodeIgniter->runController(Object(App\Controllers\Film))
 4 SYSTEMPATH\CodeIgniter.php(368): CodeIgniter\CodeIgniter->handleRequest(null, Object(Config\Cache), false)
 5 FCPATH\index.php(67): CodeIgniter\CodeIgniter->run()
 6 SYSTEMPATH\Commands\Server\rewrite.php(47): require_once('C:\\xampp\\htdocs\\CI4Ade\\public\\index.php')
CRITICAL - 2023-06-07 02:30:46 --> Undefined variable $id
in APPPATH\Models\FilmModel.php on line 68.
 1 APPPATH\Models\FilmModel.php(68): CodeIgniter\Debug\Exceptions->errorHandler(2, 'Undefined variable $id', 'C:\\xampp\\htdocs\\CI4Ade\\app\\Models\\FilmModel.php', 68)
 2 APPPATH\Controllers\Film.php(39): App\Models\FilmModel->getDataBy('Keluarga Cemara')
 3 SYSTEMPATH\CodeIgniter.php(934): App\Controllers\Film->film_by_genre()
 4 SYSTEMPATH\CodeIgniter.php(499): CodeIgniter\CodeIgniter->runController(Object(App\Controllers\Film))
 5 SYSTEMPATH\CodeIgniter.php(368): CodeIgniter\CodeIgniter->handleRequest(null, Object(Config\Cache), false)
 6 FCPATH\index.php(67): CodeIgniter\CodeIgniter->run()
 7 SYSTEMPATH\Commands\Server\rewrite.php(47): require_once('C:\\xampp\\htdocs\\CI4Ade\\public\\index.php')
CRITICAL - 2023-06-07 02:31:24 --> Undefined variable $id
in APPPATH\Models\FilmModel.php on line 68.
 1 APPPATH\Models\FilmModel.php(68): CodeIgniter\Debug\Exceptions->errorHandler(2, 'Undefined variable $id', 'C:\\xampp\\htdocs\\CI4Ade\\app\\Models\\FilmModel.php', 68)
 2 APPPATH\Controllers\Film.php(39): App\Models\FilmModel->getDataBy('Comedy')
 3 SYSTEMPATH\CodeIgniter.php(934): App\Controllers\Film->film_by_genre()
 4 SYSTEMPATH\CodeIgniter.php(499): CodeIgniter\CodeIgniter->runController(Object(App\Controllers\Film))
 5 SYSTEMPATH\CodeIgniter.php(368): CodeIgniter\CodeIgniter->handleRequest(null, Object(Config\Cache), false)
 6 FCPATH\index.php(67): CodeIgniter\CodeIgniter->run()
 7 SYSTEMPATH\Commands\Server\rewrite.php(47): require_once('C:\\xampp\\htdocs\\CI4Ade\\public\\index.php')
CRITICAL - 2023-06-07 02:31:29 --> Undefined variable $id
in APPPATH\Models\FilmModel.php on line 68.
 1 APPPATH\Models\FilmModel.php(68): CodeIgniter\Debug\Exceptions->errorHandler(2, 'Undefined variable $id', 'C:\\xampp\\htdocs\\CI4Ade\\app\\Models\\FilmModel.php', 68)
 2 APPPATH\Controllers\Film.php(39): App\Models\FilmModel->getDataBy('Comedy')
 3 SYSTEMPATH\CodeIgniter.php(934): App\Controllers\Film->film_by_genre()
 4 SYSTEMPATH\CodeIgniter.php(499): CodeIgniter\CodeIgniter->runController(Object(App\Controllers\Film))
 5 SYSTEMPATH\CodeIgniter.php(368): CodeIgniter\CodeIgniter->handleRequest(null, Object(Config\Cache), false)
 6 FCPATH\index.php(67): CodeIgniter\CodeIgniter->run()
 7 SYSTEMPATH\Commands\Server\rewrite.php(47): require_once('C:\\xampp\\htdocs\\CI4Ade\\public\\index.php')
CRITICAL - 2023-06-07 02:31:42 --> Undefined variable $id
in APPPATH\Models\FilmModel.php on line 68.
 1 APPPATH\Models\FilmModel.php(68): CodeIgniter\Debug\Exceptions->errorHandler(2, 'Undefined variable $id', 'C:\\xampp\\htdocs\\CI4Ade\\app\\Models\\FilmModel.php', 68)
 2 APPPATH\Controllers\Film.php(39): App\Models\FilmModel->getDataBy('Comedy')
 3 SYSTEMPATH\CodeIgniter.php(934): App\Controllers\Film->film_by_genre()
 4 SYSTEMPATH\CodeIgniter.php(499): CodeIgniter\CodeIgniter->runController(Object(App\Controllers\Film))
 5 SYSTEMPATH\CodeIgniter.php(368): CodeIgniter\CodeIgniter->handleRequest(null, Object(Config\Cache), false)
 6 FCPATH\index.php(67): CodeIgniter\CodeIgniter->run()
 7 SYSTEMPATH\Commands\Server\rewrite.php(47): require_once('C:\\xampp\\htdocs\\CI4Ade\\public\\index.php')
CRITICAL - 2023-06-07 02:32:13 --> Undefined variable $id
in APPPATH\Models\FilmModel.php on line 68.
 1 APPPATH\Models\FilmModel.php(68): CodeIgniter\Debug\Exceptions->errorHandler(2, 'Undefined variable $id', 'C:\\xampp\\htdocs\\CI4Ade\\app\\Models\\FilmModel.php', 68)
 2 APPPATH\Controllers\Film.php(39): App\Models\FilmModel->getDataBy('Comedy')
 3 SYSTEMPATH\CodeIgniter.php(934): App\Controllers\Film->film_by_genre()
 4 SYSTEMPATH\CodeIgniter.php(499): CodeIgniter\CodeIgniter->runController(Object(App\Controllers\Film))
 5 SYSTEMPATH\CodeIgniter.php(368): CodeIgniter\CodeIgniter->handleRequest(null, Object(Config\Cache), false)
 6 FCPATH\index.php(67): CodeIgniter\CodeIgniter->run()
 7 SYSTEMPATH\Commands\Server\rewrite.php(47): require_once('C:\\xampp\\htdocs\\CI4Ade\\public\\index.php')
CRITICAL - 2023-06-07 02:32:51 --> syntax error, unexpected token "}", expecting ";"
in APPPATH\Models\FilmModel.php on line 69.
 1 SYSTEMPATH\Autoloader\Autoloader.php(289): CodeIgniter\Autoloader\Autoloader->includeFile('C:\\xampp\\htdocs\\CI4Ade\\app\\Models\\FilmModel.php')
 2 SYSTEMPATH\Autoloader\Autoloader.php(267): CodeIgniter\Autoloader\Autoloader->loadInNamespace('App\\Models\\FilmModel')
 3 APPPATH\Controllers\Film.php(20): CodeIgniter\Autoloader\Autoloader->loadClass('App\\Models\\FilmModel')
 4 SYSTEMPATH\CodeIgniter.php(906): App\Controllers\Film->__construct()
 5 SYSTEMPATH\CodeIgniter.php(490): CodeIgniter\CodeIgniter->createController()
 6 SYSTEMPATH\CodeIgniter.php(368): CodeIgniter\CodeIgniter->handleRequest(null, Object(Config\Cache), false)
 7 FCPATH\index.php(67): CodeIgniter\CodeIgniter->run()
 8 SYSTEMPATH\Commands\Server\rewrite.php(47): require_once('C:\\xampp\\htdocs\\CI4Ade\\public\\index.php')
CRITICAL - 2023-06-07 03:37:05 --> Invalid file: "film/semuafilm.php"
in SYSTEMPATH\Exceptions\FrameworkException.php on line 33.
 1 SYSTEMPATH\View\View.php(201): CodeIgniter\Exceptions\FrameworkException::forInvalidFile('film/semuafilm.php')
 2 SYSTEMPATH\Common.php(1184): CodeIgniter\View\View->render('film/semuafilm', [], true)
 3 APPPATH\Controllers\Film.php(32): view('film/semuafilm', [...])
 4 SYSTEMPATH\CodeIgniter.php(934): App\Controllers\Film->all()
 5 SYSTEMPATH\CodeIgniter.php(499): CodeIgniter\CodeIgniter->runController(Object(App\Controllers\Film))
 6 SYSTEMPATH\CodeIgniter.php(368): CodeIgniter\CodeIgniter->handleRequest(null, Object(Config\Cache), false)
 7 FCPATH\index.php(67): CodeIgniter\CodeIgniter->run()
 8 SYSTEMPATH\Commands\Server\rewrite.php(47): require_once('C:\\xampp\\htdocs\\CI4Ade\\public\\index.php')
CRITICAL - 2023-06-07 03:38:11 --> Invalid file: "film/semuafilm.php"
in SYSTEMPATH\Exceptions\FrameworkException.php on line 33.
 1 SYSTEMPATH\View\View.php(201): CodeIgniter\Exceptions\FrameworkException::forInvalidFile('film/semuafilm.php')
 2 SYSTEMPATH\Common.php(1184): CodeIgniter\View\View->render('film/semuafilm', [], true)
 3 APPPATH\Controllers\Film.php(32): view('film/semuafilm', [...])
 4 SYSTEMPATH\CodeIgniter.php(934): App\Controllers\Film->all()
 5 SYSTEMPATH\CodeIgniter.php(499): CodeIgniter\CodeIgniter->runController(Object(App\Controllers\Film))
 6 SYSTEMPATH\CodeIgniter.php(368): CodeIgniter\CodeIgniter->handleRequest(null, Object(Config\Cache), false)
 7 FCPATH\index.php(67): CodeIgniter\CodeIgniter->run()
 8 SYSTEMPATH\Commands\Server\rewrite.php(47): require_once('C:\\xampp\\htdocs\\CI4Ade\\public\\index.php')
CRITICAL - 2023-06-07 03:38:12 --> Invalid file: "film/semuafilm.php"
in SYSTEMPATH\Exceptions\FrameworkException.php on line 33.
 1 SYSTEMPATH\View\View.php(201): CodeIgniter\Exceptions\FrameworkException::forInvalidFile('film/semuafilm.php')
 2 SYSTEMPATH\Common.php(1184): CodeIgniter\View\View->render('film/semuafilm', [], true)
 3 APPPATH\Controllers\Film.php(32): view('film/semuafilm', [...])
 4 SYSTEMPATH\CodeIgniter.php(934): App\Controllers\Film->all()
 5 SYSTEMPATH\CodeIgniter.php(499): CodeIgniter\CodeIgniter->runController(Object(App\Controllers\Film))
 6 SYSTEMPATH\CodeIgniter.php(368): CodeIgniter\CodeIgniter->handleRequest(null, Object(Config\Cache), false)
 7 FCPATH\index.php(67): CodeIgniter\CodeIgniter->run()
 8 SYSTEMPATH\Commands\Server\rewrite.php(47): require_once('C:\\xampp\\htdocs\\CI4Ade\\public\\index.php')
CRITICAL - 2023-06-07 03:39:13 --> Invalid file: "film/semuafilm.php"
in SYSTEMPATH\Exceptions\FrameworkException.php on line 33.
 1 SYSTEMPATH\View\View.php(201): CodeIgniter\Exceptions\FrameworkException::forInvalidFile('film/semuafilm.php')
 2 SYSTEMPATH\Common.php(1184): CodeIgniter\View\View->render('film/semuafilm', [], true)
 3 APPPATH\Controllers\Film.php(32): view('film/semuafilm', [...])
 4 SYSTEMPATH\CodeIgniter.php(934): App\Controllers\Film->all()
 5 SYSTEMPATH\CodeIgniter.php(499): CodeIgniter\CodeIgniter->runController(Object(App\Controllers\Film))
 6 SYSTEMPATH\CodeIgniter.php(368): CodeIgniter\CodeIgniter->handleRequest(null, Object(Config\Cache), false)
 7 FCPATH\index.php(67): CodeIgniter\CodeIgniter->run()
 8 SYSTEMPATH\Commands\Server\rewrite.php(47): require_once('C:\\xampp\\htdocs\\CI4Ade\\public\\index.php')
CRITICAL - 2023-06-07 03:40:37 --> Invalid file: "film/semuafilm.php"
in SYSTEMPATH\Exceptions\FrameworkException.php on line 33.
 1 SYSTEMPATH\View\View.php(201): CodeIgniter\Exceptions\FrameworkException::forInvalidFile('film/semuafilm.php')
 2 SYSTEMPATH\Common.php(1184): CodeIgniter\View\View->render('film/semuafilm', [], true)
 3 APPPATH\Controllers\Film.php(32): view('film/semuafilm', [...])
 4 SYSTEMPATH\CodeIgniter.php(934): App\Controllers\Film->all()
 5 SYSTEMPATH\CodeIgniter.php(499): CodeIgniter\CodeIgniter->runController(Object(App\Controllers\Film))
 6 SYSTEMPATH\CodeIgniter.php(368): CodeIgniter\CodeIgniter->handleRequest(null, Object(Config\Cache), false)
 7 FCPATH\index.php(67): CodeIgniter\CodeIgniter->run()
 8 SYSTEMPATH\Commands\Server\rewrite.php(47): require_once('C:\\xampp\\htdocs\\CI4Ade\\public\\index.php')
CRITICAL - 2023-06-07 03:40:50 --> Invalid file: "film/semuafilm.php"
in SYSTEMPATH\Exceptions\FrameworkException.php on line 33.
 1 SYSTEMPATH\View\View.php(201): CodeIgniter\Exceptions\FrameworkException::forInvalidFile('film/semuafilm.php')
 2 SYSTEMPATH\Common.php(1184): CodeIgniter\View\View->render('film/semuafilm', [], true)
 3 APPPATH\Controllers\Film.php(32): view('film/semuafilm', [...])
 4 SYSTEMPATH\CodeIgniter.php(934): App\Controllers\Film->all()
 5 SYSTEMPATH\CodeIgniter.php(499): CodeIgniter\CodeIgniter->runController(Object(App\Controllers\Film))
 6 SYSTEMPATH\CodeIgniter.php(368): CodeIgniter\CodeIgniter->handleRequest(null, Object(Config\Cache), false)
 7 FCPATH\index.php(67): CodeIgniter\CodeIgniter->run()
 8 SYSTEMPATH\Commands\Server\rewrite.php(47): require_once('C:\\xampp\\htdocs\\CI4Ade\\public\\index.php')
CRITICAL - 2023-06-07 03:41:21 --> Invalid file: "film/semuafilm.php"
in SYSTEMPATH\Exceptions\FrameworkException.php on line 33.
 1 SYSTEMPATH\View\View.php(201): CodeIgniter\Exceptions\FrameworkException::forInvalidFile('film/semuafilm.php')
 2 SYSTEMPATH\Common.php(1184): CodeIgniter\View\View->render('film/semuafilm', [], true)
 3 APPPATH\Controllers\Film.php(32): view('film/semuafilm', [...])
 4 SYSTEMPATH\CodeIgniter.php(934): App\Controllers\Film->all()
 5 SYSTEMPATH\CodeIgniter.php(499): CodeIgniter\CodeIgniter->runController(Object(App\Controllers\Film))
 6 SYSTEMPATH\CodeIgniter.php(368): CodeIgniter\CodeIgniter->handleRequest(null, Object(Config\Cache), false)
 7 FCPATH\index.php(67): CodeIgniter\CodeIgniter->run()
 8 SYSTEMPATH\Commands\Server\rewrite.php(47): require_once('C:\\xampp\\htdocs\\CI4Ade\\public\\index.php')
CRITICAL - 2023-06-07 03:41:22 --> Invalid file: "film/semuafilm.php"
in SYSTEMPATH\Exceptions\FrameworkException.php on line 33.
 1 SYSTEMPATH\View\View.php(201): CodeIgniter\Exceptions\FrameworkException::forInvalidFile('film/semuafilm.php')
 2 SYSTEMPATH\Common.php(1184): CodeIgniter\View\View->render('film/semuafilm', [], true)
 3 APPPATH\Controllers\Film.php(32): view('film/semuafilm', [...])
 4 SYSTEMPATH\CodeIgniter.php(934): App\Controllers\Film->all()
 5 SYSTEMPATH\CodeIgniter.php(499): CodeIgniter\CodeIgniter->runController(Object(App\Controllers\Film))
 6 SYSTEMPATH\CodeIgniter.php(368): CodeIgniter\CodeIgniter->handleRequest(null, Object(Config\Cache), false)
 7 FCPATH\index.php(67): CodeIgniter\CodeIgniter->run()
 8 SYSTEMPATH\Commands\Server\rewrite.php(47): require_once('C:\\xampp\\htdocs\\CI4Ade\\public\\index.php')
CRITICAL - 2023-06-07 03:42:23 --> Invalid file: "film/semuafilm.php"
in SYSTEMPATH\Exceptions\FrameworkException.php on line 33.
 1 SYSTEMPATH\View\View.php(201): CodeIgniter\Exceptions\FrameworkException::forInvalidFile('film/semuafilm.php')
 2 SYSTEMPATH\Common.php(1184): CodeIgniter\View\View->render('film/semuafilm', [], true)
 3 APPPATH\Controllers\Film.php(32): view('film/semuafilm', [...])
 4 SYSTEMPATH\CodeIgniter.php(934): App\Controllers\Film->all()
 5 SYSTEMPATH\CodeIgniter.php(499): CodeIgniter\CodeIgniter->runController(Object(App\Controllers\Film))
 6 SYSTEMPATH\CodeIgniter.php(368): CodeIgniter\CodeIgniter->handleRequest(null, Object(Config\Cache), false)
 7 FCPATH\index.php(67): CodeIgniter\CodeIgniter->run()
 8 SYSTEMPATH\Commands\Server\rewrite.php(47): require_once('C:\\xampp\\htdocs\\CI4Ade\\public\\index.php')
CRITICAL - 2023-06-07 03:42:28 --> Invalid file: "film/semuafilm.php"
in SYSTEMPATH\Exceptions\FrameworkException.php on line 33.
 1 SYSTEMPATH\View\View.php(201): CodeIgniter\Exceptions\FrameworkException::forInvalidFile('film/semuafilm.php')
 2 SYSTEMPATH\Common.php(1184): CodeIgniter\View\View->render('film/semuafilm', [], true)
 3 APPPATH\Controllers\Film.php(32): view('film/semuafilm', [...])
 4 SYSTEMPATH\CodeIgniter.php(934): App\Controllers\Film->all()
 5 SYSTEMPATH\CodeIgniter.php(499): CodeIgniter\CodeIgniter->runController(Object(App\Controllers\Film))
 6 SYSTEMPATH\CodeIgniter.php(368): CodeIgniter\CodeIgniter->handleRequest(null, Object(Config\Cache), false)
 7 FCPATH\index.php(67): CodeIgniter\CodeIgniter->run()
 8 SYSTEMPATH\Commands\Server\rewrite.php(47): require_once('C:\\xampp\\htdocs\\CI4Ade\\public\\index.php')
CRITICAL - 2023-06-07 03:43:31 --> Invalid file: "film/semuafilm.php"
in SYSTEMPATH\Exceptions\FrameworkException.php on line 33.
 1 SYSTEMPATH\View\View.php(201): CodeIgniter\Exceptions\FrameworkException::forInvalidFile('film/semuafilm.php')
 2 SYSTEMPATH\Common.php(1184): CodeIgniter\View\View->render('film/semuafilm', [], true)
 3 APPPATH\Controllers\Film.php(32): view('film/semuafilm', [...])
 4 SYSTEMPATH\CodeIgniter.php(934): App\Controllers\Film->all()
 5 SYSTEMPATH\CodeIgniter.php(499): CodeIgniter\CodeIgniter->runController(Object(App\Controllers\Film))
 6 SYSTEMPATH\CodeIgniter.php(368): CodeIgniter\CodeIgniter->handleRequest(null, Object(Config\Cache), false)
 7 FCPATH\index.php(67): CodeIgniter\CodeIgniter->run()
 8 SYSTEMPATH\Commands\Server\rewrite.php(47): require_once('C:\\xampp\\htdocs\\CI4Ade\\public\\index.php')
