CRITICAL - 2023-06-11 14:08:20 --> Undefined variable $data_film
in APPPATH\Views\genre\index.php on line 17.
 1 APPPATH\Views\genre\index.php(17): CodeIgniter\Debug\Exceptions->errorHandler(2, 'Undefined variable $data_film', 'C:\\xampp\\htdocs\\CI4Ade\\app\\Views\\genre\\index.php', 17)
 2 SYSTEMPATH\View\View.php(213): include('C:\\xampp\\htdocs\\CI4Ade\\app\\Views\\genre\\index.php')
 3 SYSTEMPATH\View\View.php(216): CodeIgniter\View\View->CodeIgniter\View\{closure}()
 4 SYSTEMPATH\Common.php(1184): CodeIgniter\View\View->render('genre/index', [], true)
 5 APPPATH\Controllers\Genre.php(27): view('genre/index', [...])
 6 SYSTEMPATH\CodeIgniter.php(934): App\Controllers\Genre->index()
 7 SYSTEMPATH\CodeIgniter.php(499): CodeIgniter\CodeIgniter->runController(Object(App\Controllers\Genre))
 8 SYSTEMPATH\CodeIgniter.php(368): CodeIgniter\CodeIgniter->handleRequest(null, Object(Config\Cache), false)
 9 FCPATH\index.php(67): CodeIgniter\CodeIgniter->run()
10 SYSTEMPATH\Commands\Server\rewrite.php(47): require_once('C:\\xampp\\htdocs\\CI4Ade\\public\\index.php')
CRITICAL - 2023-06-11 15:36:53 --> Undefined variable $data_genre
in APPPATH\Views\genre\semuafilm.php on line 17.
 1 APPPATH\Views\genre\semuafilm.php(17): CodeIgniter\Debug\Exceptions->errorHandler(2, 'Undefined variable $data_genre', 'C:\\xampp\\htdocs\\CI4Ade\\app\\Views\\genre\\semuafilm.php', 17)
 2 SYSTEMPATH\View\View.php(213): include('C:\\xampp\\htdocs\\CI4Ade\\app\\Views\\genre\\semuafilm.php')
 3 SYSTEMPATH\View\View.php(216): CodeIgniter\View\View->CodeIgniter\View\{closure}()
 4 SYSTEMPATH\Common.php(1184): CodeIgniter\View\View->render('genre/semuafilm', [], true)
 5 APPPATH\Controllers\Genre.php(32): view('genre/semuafilm', [...])
 6 SYSTEMPATH\CodeIgniter.php(934): App\Controllers\Genre->all()
 7 SYSTEMPATH\CodeIgniter.php(499): CodeIgniter\CodeIgniter->runController(Object(App\Controllers\Genre))
 8 SYSTEMPATH\CodeIgniter.php(368): CodeIgniter\CodeIgniter->handleRequest(null, Object(Config\Cache), false)
 9 FCPATH\index.php(67): CodeIgniter\CodeIgniter->run()
10 SYSTEMPATH\Commands\Server\rewrite.php(47): require_once('C:\\xampp\\htdocs\\CI4Ade\\public\\index.php')
CRITICAL - 2023-06-11 15:42:24 --> Undefined array key "nama_film"
in APPPATH\Views\genre\index.php on line 20.
 1 APPPATH\Views\genre\index.php(20): CodeIgniter\Debug\Exceptions->errorHandler(2, 'Undefined array key "nama_film"', 'C:\\xampp\\htdocs\\CI4Ade\\app\\Views\\genre\\index.php', 20)
 2 SYSTEMPATH\View\View.php(213): include('C:\\xampp\\htdocs\\CI4Ade\\app\\Views\\genre\\index.php')
 3 SYSTEMPATH\View\View.php(216): CodeIgniter\View\View->CodeIgniter\View\{closure}()
 4 SYSTEMPATH\Common.php(1184): CodeIgniter\View\View->render('genre/index', [], true)
 5 APPPATH\Controllers\Genre.php(27): view('genre/index', [...])
 6 SYSTEMPATH\CodeIgniter.php(934): App\Controllers\Genre->index()
 7 SYSTEMPATH\CodeIgniter.php(499): CodeIgniter\CodeIgniter->runController(Object(App\Controllers\Genre))
 8 SYSTEMPATH\CodeIgniter.php(368): CodeIgniter\CodeIgniter->handleRequest(null, Object(Config\Cache), false)
 9 FCPATH\index.php(67): CodeIgniter\CodeIgniter->run()
10 SYSTEMPATH\Commands\Server\rewrite.php(47): require_once('C:\\xampp\\htdocs\\CI4Ade\\public\\index.php')
CRITICAL - 2023-06-11 16:08:58 --> Undefined array key "genre"
in APPPATH\Views\film\semuafilm.php on line 24.
 1 APPPATH\Views\film\semuafilm.php(24): CodeIgniter\Debug\Exceptions->errorHandler(2, 'Undefined array key "genre"', 'C:\\xampp\\htdocs\\CI4Ade\\app\\Views\\film\\semuafilm.php', 24)
 2 SYSTEMPATH\View\View.php(213): include('C:\\xampp\\htdocs\\CI4Ade\\app\\Views\\film\\semuafilm.php')
 3 SYSTEMPATH\View\View.php(216): CodeIgniter\View\View->CodeIgniter\View\{closure}()
 4 SYSTEMPATH\Common.php(1184): CodeIgniter\View\View->render('film/semuafilm', [], true)
 5 APPPATH\Controllers\Film.php(32): view('film/semuafilm', [...])
 6 SYSTEMPATH\CodeIgniter.php(934): App\Controllers\Film->all()
 7 SYSTEMPATH\CodeIgniter.php(499): CodeIgniter\CodeIgniter->runController(Object(App\Controllers\Film))
 8 SYSTEMPATH\CodeIgniter.php(368): CodeIgniter\CodeIgniter->handleRequest(null, Object(Config\Cache), false)
 9 FCPATH\index.php(67): CodeIgniter\CodeIgniter->run()
10 SYSTEMPATH\Commands\Server\rewrite.php(47): require_once('C:\\xampp\\htdocs\\CI4Ade\\public\\index.php')
CRITICAL - 2023-06-11 16:09:14 --> Undefined array key "genre"
in APPPATH\Views\film\semuafilm.php on line 24.
 1 APPPATH\Views\film\semuafilm.php(24): CodeIgniter\Debug\Exceptions->errorHandler(2, 'Undefined array key "genre"', 'C:\\xampp\\htdocs\\CI4Ade\\app\\Views\\film\\semuafilm.php', 24)
 2 SYSTEMPATH\View\View.php(213): include('C:\\xampp\\htdocs\\CI4Ade\\app\\Views\\film\\semuafilm.php')
 3 SYSTEMPATH\View\View.php(216): CodeIgniter\View\View->CodeIgniter\View\{closure}()
 4 SYSTEMPATH\Common.php(1184): CodeIgniter\View\View->render('film/semuafilm', [], true)
 5 APPPATH\Controllers\Film.php(32): view('film/semuafilm', [...])
 6 SYSTEMPATH\CodeIgniter.php(934): App\Controllers\Film->all()
 7 SYSTEMPATH\CodeIgniter.php(499): CodeIgniter\CodeIgniter->runController(Object(App\Controllers\Film))
 8 SYSTEMPATH\CodeIgniter.php(368): CodeIgniter\CodeIgniter->handleRequest(null, Object(Config\Cache), false)
 9 FCPATH\index.php(67): CodeIgniter\CodeIgniter->run()
10 SYSTEMPATH\Commands\Server\rewrite.php(47): require_once('C:\\xampp\\htdocs\\CI4Ade\\public\\index.php')
